TN:
SF:C:\Users\drago\Workspace\gh--templ-project\rust\src\greeter.rs
FN:34,<impl Display for GreeterError>::fmt
FN:55,Greeter::new
FN:82,Greeter::hello
FN:113,Greeter::goodbye
FN:146,hello
FN:174,goodbye
FNF:6
FNDA:144115188075855872,<impl Display for GreeterError>::fmt
FNDA:2594073385365405696,Greeter::new
FNDA:1585267068834414592,Greeter::hello
FNDA:1224979098644774912,Greeter::goodbye
FNDA:792633534417207296,hello
FNDA:792633534417207296,goodbye
DA:34,144115188075855872
DA:35,144115188075855872
DA:36,432345564227567616
DA:37,0
DA:55,2594073385365405696
DA:56,2594073385365405696
DA:82,1585267068834414592
DA:83,4755801206503243776
DA:84,3170534137668829184
DA:85,504403158265495552
DA:87,1080863910568919040
DA:113,1224979098644774912
DA:114,3674937295934324736
DA:115,2449958197289549824
DA:116,504403158265495552
DA:118,720575940379279360
DA:146,792633534417207296
DA:147,2377900603251621888
DA:174,792633534417207296
DA:175,2377900603251621888
LF:20
LH:19
end_of_record
TN:
SF:C:\Users\drago\Workspace\gh--templ-project\rust\src\main.rs
FN:7,main
FNF:1
FNDA:0,main
DA:7,0
DA:8,0
DA:9,0
DA:10,0
LF:4
LH:0
end_of_record
